SF:lib/utils/config.dart
DA:28,16
DA:29,8
DA:30,8
DA:31,8
DA:32,8
DA:33,8
DA:34,8
DA:35,8
DA:36,8
DA:37,8
DA:38,8
DA:39,8
DA:40,8
DA:41,8
DA:42,8
DA:43,8
DA:47,8
DA:52,8
DA:53,8
DA:54,8
DA:55,8
DA:56,8
DA:57,8
DA:58,8
DA:59,8
DA:60,8
DA:61,8
DA:62,8
DA:63,8
DA:64,8
DA:65,8
DA:66,8
DA:73,6
DA:75,3
DA:77,1
DA:78,3
DA:80,6
DA:86,6
DA:88,3
DA:90,1
DA:91,3
DA:93,1
DA:94,3
DA:96,6
DA:102,6
DA:104,2
DA:105,6
DA:107,2
DA:112,2
DA:113,10
DA:115,6
DA:119,1
DA:120,3
DA:122,6
LF:54
LH:54
end_of_record
SF:lib/utils/api.dart
DA:11,3
DA:17,1
DA:23,2
DA:25,1
DA:29,1
DA:30,1
DA:31,2
DA:35,2
DA:44,1
DA:51,2
DA:54,1
DA:58,1
DA:59,1
DA:60,2
DA:64,2
DA:73,1
DA:76,2
DA:78,1
DA:82,2
DA:86,1
DA:90,2
DA:92,1
DA:93,1
DA:97,2
DA:98,2
DA:103,1
DA:106,2
DA:108,1
DA:112,2
DA:116,1
DA:120,2
DA:122,1
DA:123,1
DA:127,2
DA:128,2
DA:133,1
DA:136,2
DA:138,1
DA:142,2
DA:146,1
DA:150,2
DA:152,1
DA:153,1
DA:157,2
DA:158,2
DA:163,1
DA:167,2
DA:169,1
DA:173,2
DA:174,2
DA:179,1
DA:184,2
DA:186,1
DA:190,2
DA:191,2
LF:55
LH:55
end_of_record
SF:lib/utils/model/customer_model.dart
DA:16,6
DA:19,6
DA:22,2
DA:23,4
DA:26,2
DA:27,3
DA:30,1
DA:31,5
DA:39,3
DA:46,4
DA:47,4
DA:48,4
DA:49,4
DA:50,4
DA:53,4
DA:54,3
DA:55,4
DA:56,4
DA:57,4
LF:19
LH:19
end_of_record
SF:lib/utils/model/account_model.dart
DA:16,6
DA:19,6
DA:22,2
DA:23,4
DA:26,2
DA:27,3
DA:30,1
DA:31,5
DA:40,3
DA:48,4
DA:49,4
DA:50,4
DA:51,4
DA:52,4
DA:53,4
DA:56,4
DA:57,3
DA:58,4
DA:59,4
DA:60,4
DA:61,4
LF:21
LH:21
end_of_record
SF:lib/utils/model/purchase_model.dart
DA:16,6
DA:19,6
DA:22,4
DA:23,8
DA:26,4
DA:27,6
DA:30,1
DA:31,5
DA:42,2
DA:52,4
DA:53,4
DA:54,4
DA:55,4
DA:56,6
DA:57,6
DA:58,6
DA:59,2
DA:61,8
DA:64,4
DA:65,3
DA:66,4
DA:67,4
DA:68,4
DA:69,6
DA:70,6
DA:71,10
DA:79,2
DA:84,4
DA:85,4
DA:86,4
DA:89,4
DA:90,4
DA:91,4
DA:100,6
DA:102,3
DA:107,3
DA:111,4
DA:112,6
DA:115,2
DA:116,2
LF:40
LH:40
end_of_record
SF:lib/utils/globals.dart
DA:28,2
LF:1
LH:1
end_of_record
SF:lib/utils/utils.dart
DA:8,14
DA:9,14
DA:13,8
DA:14,8
DA:15,24
DA:16,24
DA:22,7
DA:31,14
DA:33,7
DA:34,7
DA:37,7
DA:38,7
DA:40,7
DA:41,7
DA:43,7
DA:44,7
DA:45,14
DA:46,7
DA:47,7
DA:48,7
DA:55,7
DA:56,7
DA:58,7
DA:59,14
DA:66,7
DA:67,7
DA:69,7
DA:70,14
DA:75,7
DA:76,7
DA:78,7
DA:79,7
DA:80,14
DA:81,7
DA:82,7
DA:83,7
DA:94,6
DA:98,12
DA:100,6
DA:101,6
DA:102,6
DA:105,6
DA:107,6
DA:108,6
DA:109,6
DA:110,6
DA:111,6
DA:112,6
DA:115,12
DA:118,6
DA:119,6
DA:120,6
DA:121,6
DA:122,6
DA:129,6
DA:130,6
DA:131,6
DA:133,12
DA:142,4
DA:147,4
DA:148,4
DA:149,12
DA:151,4
DA:153,8
DA:155,4
DA:156,4
DA:157,16
DA:160,8
DA:164,27
DA:167,3
DA:170,3
DA:173,4
DA:174,8
DA:177,3
DA:180,1
DA:181,2
DA:185,4
DA:186,8
DA:189,3
DA:192,1
DA:193,2
DA:197,1
DA:198,2
DA:202,2
DA:203,4
DA:207,1
DA:208,2
DA:212,4
DA:213,8
DA:216,4
DA:217,4
DA:218,8
DA:219,3
DA:223,12
DA:224,4
DA:228,12
DA:229,4
DA:233,12
DA:235,8
DA:236,4
DA:240,12
DA:241,8
DA:245,4
DA:249,20
LF:104
LH:104
end_of_record
SF:lib/home/viewmodel/fade_buttons_viewmodel.dart
DA:15,16
DA:16,16
DA:17,16
DA:18,16
DA:20,8
LF:5
LH:5
end_of_record
SF:lib/home/presenter/animated_box_presenter.dart
DA:21,3
DA:23,7
DA:24,14
DA:26,21
DA:27,9
DA:28,10
DA:31,2
DA:37,2
DA:38,2
DA:39,6
DA:40,6
DA:43,4
DA:47,2
DA:53,10
DA:54,2
DA:57,2
DA:58,6
DA:60,6
DA:64,2
DA:65,6
DA:66,2
DA:68,4
DA:71,2
DA:75,8
DA:78,21
DA:81,21
DA:84,2
DA:87,1
DA:90,5
DA:91,4
DA:92,2
DA:93,3
DA:97,5
DA:98,1
DA:99,1
DA:104,1
DA:105,1
DA:106,1
DA:123,1
DA:127,1
DA:128,3
DA:129,4
DA:130,1
DA:132,0
DA:133,0
DA:134,0
DA:140,1
DA:141,2
DA:143,2
DA:144,2
DA:147,3
DA:148,2
DA:150,1
DA:151,1
DA:153,1
DA:154,1
DA:156,0
DA:158,0
DA:159,0
DA:161,0
DA:162,0
DA:165,2
DA:167,1
DA:171,2
DA:172,2
DA:175,4
DA:178,1
DA:179,1
DA:181,1
DA:182,1
DA:186,2
DA:187,2
DA:189,2
DA:190,2
DA:193,2
DA:195,4
DA:199,2
DA:201,8
DA:203,2
LF:79
LH:71
end_of_record
SF:lib/home/presenter/fade_box_presenter.dart
DA:12,7
DA:13,14
DA:15,21
DA:17,7
DA:18,7
DA:20,9
DA:26,2
DA:29,21
DA:30,14
DA:31,7
DA:32,7
DA:37,21
DA:40,1
DA:41,3
DA:45,2
DA:46,6
DA:48,6
DA:53,1
DA:54,3
DA:56,3
LF:20
LH:20
end_of_record
SF:lib/home/presenter/fade_buttons_presenter.dart
DA:12,7
DA:13,14
DA:15,21
DA:17,7
DA:18,7
DA:20,11
DA:22,21
DA:23,14
DA:24,7
DA:25,7
DA:30,21
DA:33,1
DA:34,3
DA:38,1
DA:39,3
DA:41,3
DA:46,2
DA:47,6
DA:49,6
LF:19
LH:19
end_of_record
SF:lib/home/viewmodel/animated_box_viewmodel.dart
DA:20,4
DA:21,8
DA:34,8
LF:3
LH:3
end_of_record
SF:lib/utils/my_ticker_provider.dart
DA:5,9
DA:7,18
LF:2
LH:2
end_of_record
SF:lib/home/viewmodel/fade_box_viewmodel.dart
DA:15,16
DA:16,16
DA:17,16
DA:18,16
DA:20,8
LF:5
LH:5
end_of_record
SF:lib/home/viewmodel/home_viewmodel.dart
DA:5,18
DA:6,18
DA:7,18
DA:8,18
DA:9,18
LF:5
LH:5
end_of_record
SF:lib/home/presenter/home_presenter.dart
DA:32,9
DA:33,18
DA:37,6
DA:38,12
DA:39,6
DA:40,6
DA:45,8
DA:46,24
DA:47,4
DA:49,2
DA:51,2
DA:57,3
DA:64,6
DA:65,2
DA:68,3
DA:72,3
DA:74,3
DA:75,2
DA:76,3
DA:77,2
DA:78,3
DA:79,2
DA:81,3
DA:86,1
DA:87,2
DA:88,1
DA:92,3
DA:95,21
DA:98,7
DA:103,14
DA:111,6
DA:121,1
DA:124,1
DA:127,1
DA:130,1
DA:133,1
DA:134,2
DA:137,7
DA:138,14
DA:141,7
DA:142,14
DA:145,1
DA:148,1
DA:151,1
DA:154,1
DA:157,1
DA:160,8
DA:163,8
DA:166,8
DA:169,8
DA:173,1
DA:178,1
DA:182,2
DA:183,1
DA:185,1
DA:187,2
DA:188,1
DA:190,1
DA:196,1
DA:198,2
DA:200,1
DA:203,1
DA:208,1
DA:214,7
DA:215,7
DA:216,7
DA:217,7
DA:219,7
DA:220,14
DA:221,14
DA:222,14
DA:224,14
DA:225,21
DA:229,8
DA:233,21
DA:242,1
DA:249,2
DA:254,2
DA:256,2
DA:273,2
DA:274,2
DA:275,2
DA:276,1
DA:277,2
DA:278,2
DA:279,2
DA:282,2
DA:287,1
DA:288,1
DA:289,1
DA:290,2
DA:291,2
DA:292,2
DA:295,2
DA:300,1
DA:302,1
DA:315,1
DA:316,2
DA:318,1
DA:319,1
DA:320,1
DA:321,1
DA:322,1
DA:324,1
DA:325,1
DA:326,1
DA:327,1
DA:329,1
DA:330,1
DA:331,1
DA:333,1
DA:335,1
DA:336,1
DA:343,1
DA:345,3
DA:347,3
DA:348,3
DA:349,2
DA:350,3
DA:351,3
DA:352,3
DA:353,3
DA:354,3
DA:355,3
DA:356,2
DA:357,2
DA:358,2
DA:359,2
DA:361,1
DA:363,2
DA:364,2
DA:366,1
DA:367,1
DA:369,1
DA:370,1
DA:373,1
DA:374,1
DA:375,1
DA:376,1
DA:391,1
DA:393,2
DA:395,2
LF:142
LH:142
end_of_record
SF:lib/themes/nu_default_theme.dart
DA:11,9
DA:14,3
DA:16,3
DA:18,3
DA:20,3
DA:23,3
DA:25,3
DA:34,3
DA:35,3
DA:36,3
DA:40,3
DA:41,3
DA:45,3
DA:46,3
DA:50,3
DA:51,3
DA:55,3
DA:60,3
DA:65,3
DA:71,3
DA:76,3
DA:81,3
DA:86,3
DA:92,3
DA:99,3
DA:103,3
DA:104,3
DA:105,3
DA:106,3
DA:110,6
DA:113,3
DA:114,3
DA:119,3
DA:120,3
DA:121,3
DA:122,3
DA:123,3
DA:124,3
DA:125,3
DA:126,3
DA:127,3
DA:128,3
DA:129,3
DA:130,3
DA:131,3
LF:45
LH:45
end_of_record
SF:lib/themes/nu_dark_theme.dart
DA:11,6
DA:14,2
DA:15,2
DA:16,2
DA:17,2
DA:20,2
DA:22,2
DA:24,2
DA:25,2
DA:33,2
DA:34,2
DA:35,2
DA:39,2
DA:40,2
DA:44,2
DA:45,2
DA:49,2
DA:50,2
DA:54,2
DA:57,2
DA:59,2
DA:64,2
DA:65,2
DA:70,2
DA:75,2
DA:80,2
DA:85,2
DA:86,2
DA:91,2
DA:92,2
DA:97,2
DA:98,2
DA:103,2
DA:104,2
DA:105,2
DA:110,2
DA:111,2
DA:116,2
DA:117,2
DA:122,2
DA:123,2
DA:128,2
DA:129,2
DA:133,2
DA:134,2
DA:139,2
DA:140,2
DA:145,2
DA:146,2
DA:151,2
DA:152,2
DA:157,2
DA:158,2
DA:163,2
DA:164,2
DA:169,2
DA:170,2
DA:175,2
DA:176,2
DA:183,2
DA:187,2
DA:188,2
DA:189,2
DA:190,2
DA:194,4
DA:203,2
DA:204,2
DA:205,2
DA:206,2
DA:207,2
DA:208,2
DA:209,2
DA:210,2
DA:211,2
DA:212,2
DA:213,2
DA:214,2
DA:215,2
LF:78
LH:78
end_of_record
SF:lib/card/presenter/card_presenter.dart
DA:18,8
DA:19,16
DA:22,4
DA:23,8
DA:25,16
DA:27,4
DA:32,2
DA:33,4
DA:35,2
DA:40,2
DA:43,6
DA:49,1
DA:50,2
DA:53,1
DA:57,3
DA:60,12
DA:63,4
DA:69,4
DA:71,8
DA:73,4
DA:78,8
LF:21
LH:21
end_of_record
SF:lib/card/viewmodel/card_viewmodel.dart
DA:10,27
LF:1
LH:1
end_of_record
SF:lib/card/views/card_view.dart
DA:23,8
DA:26,3
DA:29,3
DA:30,3
DA:32,3
DA:34,3
DA:36,6
DA:37,3
DA:38,12
DA:40,3
DA:44,3
DA:46,3
DA:47,3
DA:49,3
DA:58,3
DA:63,3
DA:64,6
DA:67,3
DA:68,3
DA:69,6
DA:71,3
DA:78,3
DA:79,9
DA:81,3
DA:82,3
DA:83,3
DA:84,3
DA:85,3
DA:87,12
DA:88,3
DA:90,6
DA:95,9
DA:96,6
DA:97,3
DA:98,6
DA:107,3
DA:111,3
DA:112,3
DA:113,3
DA:114,3
DA:115,3
DA:116,3
DA:120,3
DA:130,3
DA:133,15
DA:142,3
DA:145,3
DA:149,12
DA:153,12
DA:154,1
DA:158,2
DA:159,1
DA:160,5
DA:164,3
DA:168,6
DA:169,3
DA:170,15
DA:175,3
DA:177,3
DA:178,3
DA:179,3
DA:184,3
DA:193,3
DA:195,1
DA:196,1
DA:197,1
DA:199,1
DA:208,3
DA:209,3
DA:210,3
DA:211,3
DA:212,3
DA:213,6
DA:214,3
DA:223,3
DA:224,6
DA:225,1
DA:228,3
DA:229,3
DA:232,3
DA:233,3
DA:237,3
DA:239,3
DA:244,3
DA:245,3
DA:253,3
DA:255,3
DA:258,3
DA:259,3
DA:260,3
DA:261,6
DA:262,3
DA:264,12
DA:270,3
DA:273,3
DA:279,3
DA:281,3
DA:282,3
DA:284,3
DA:304,3
DA:310,3
DA:311,3
DA:312,6
DA:313,6
DA:314,6
DA:315,3
DA:316,3
DA:318,3
DA:319,3
DA:322,3
DA:324,6
DA:328,3
DA:329,3
DA:330,3
DA:331,3
DA:332,3
DA:333,3
DA:334,3
DA:338,3
DA:339,4
DA:340,3
DA:341,3
DA:344,3
DA:345,3
DA:346,3
DA:347,3
DA:349,12
DA:351,3
DA:353,12
DA:361,3
DA:362,3
DA:364,3
DA:367,12
DA:370,3
DA:375,3
DA:376,3
DA:377,3
DA:381,3
DA:382,3
DA:383,3
DA:385,3
DA:386,3
DA:388,12
DA:393,3
DA:394,3
DA:395,3
DA:396,3
DA:399,3
DA:400,3
DA:401,3
DA:402,3
DA:403,3
DA:404,3
DA:407,6
DA:409,3
DA:410,3
DA:411,3
DA:412,3
DA:413,3
DA:414,3
DA:415,3
DA:416,3
DA:427,3
DA:431,3
DA:432,3
DA:438,3
DA:439,3
DA:440,3
DA:441,3
DA:443,12
DA:446,3
DA:447,1
DA:455,3
DA:456,3
DA:457,6
DA:458,6
DA:460,6
DA:467,3
DA:469,3
DA:470,3
DA:473,3
DA:474,3
DA:477,6
DA:478,3
DA:479,3
DA:481,3
DA:482,3
DA:483,3
DA:485,3
DA:490,3
DA:491,3
DA:492,6
DA:493,3
DA:515,3
DA:520,6
DA:524,6
DA:525,6
DA:526,6
DA:528,6
LF:199
LH:199
end_of_record
SF:lib/construction/presenter/construction_presenter.dart
DA:16,8
DA:17,16
DA:20,9
DA:22,2
DA:23,6
DA:25,2
DA:28,2
DA:29,6
DA:31,2
DA:34,2
DA:35,4
DA:36,2
DA:37,2
DA:38,2
DA:39,4
DA:40,2
LF:16
LH:16
end_of_record
SF:lib/construction/viewmodel/construction_viewmodel.dart
DA:8,9
LF:1
LH:1
end_of_record
SF:lib/construction/views/construction_view.dart
DA:21,8
DA:23,4
DA:26,2
DA:28,2
DA:29,2
DA:30,2
DA:31,2
DA:33,8
DA:36,2
DA:37,2
DA:39,2
DA:40,4
DA:41,2
DA:42,6
DA:45,2
DA:46,2
DA:47,2
DA:49,8
DA:52,2
DA:53,3
DA:54,1
DA:63,4
DA:64,2
DA:65,2
DA:66,2
DA:67,2
DA:69,2
DA:70,2
DA:73,4
DA:74,2
DA:77,2
DA:80,2
DA:81,2
DA:82,2
DA:84,6
DA:89,2
DA:90,2
DA:92,2
DA:97,2
DA:100,2
DA:102,2
DA:108,2
DA:114,2
DA:117,2
DA:120,2
DA:125,2
DA:126,4
DA:127,4
DA:128,2
DA:129,2
DA:132,4
DA:140,4
DA:148,1
DA:149,1
DA:150,1
DA:152,4
DA:153,2
DA:154,2
DA:156,8
DA:160,2
DA:162,2
DA:163,2
DA:164,2
DA:165,2
DA:166,2
DA:168,6
DA:169,2
DA:171,2
DA:172,2
DA:173,2
DA:177,2
DA:178,2
DA:179,2
DA:180,2
DA:181,2
LF:75
LH:75
end_of_record
SF:lib/home/views/home_view.dart
DA:21,12
DA:23,6
DA:25,6
DA:26,6
DA:28,6
DA:29,6
DA:34,18
DA:36,6
DA:37,6
DA:38,6
DA:39,12
DA:42,18
DA:50,6
DA:51,6
DA:53,6
DA:54,6
DA:55,12
DA:60,6
DA:61,6
DA:63,6
DA:65,6
DA:71,6
DA:78,6
DA:82,6
DA:86,6
DA:90,6
LF:26
LH:26
end_of_record
SF:lib/signup/views/signup_view.dart
DA:19,10
DA:21,4
DA:24,2
DA:25,2
DA:26,2
DA:27,2
DA:28,2
DA:30,8
DA:33,2
DA:34,1
DA:35,1
DA:37,2
DA:38,4
DA:39,2
DA:40,6
DA:47,4
DA:48,2
DA:49,2
DA:50,2
DA:51,2
DA:53,2
DA:54,2
DA:57,4
DA:58,2
DA:61,2
DA:62,2
DA:63,2
DA:64,2
DA:66,2
DA:69,6
DA:70,2
DA:71,2
DA:73,2
DA:75,4
DA:78,2
DA:81,2
DA:83,2
DA:85,4
DA:88,2
DA:91,2
DA:93,2
DA:95,4
DA:98,2
DA:105,2
DA:106,2
DA:107,2
DA:108,2
DA:110,2
DA:112,6
DA:113,2
DA:114,2
DA:116,2
DA:119,4
DA:123,2
DA:134,2
DA:136,2
DA:137,2
DA:138,2
DA:139,2
DA:140,2
DA:142,6
DA:143,2
DA:145,2
DA:146,2
DA:147,2
DA:151,2
DA:152,2
DA:153,2
LF:68
LH:68
end_of_record
SF:lib/home/views/section_v.dart
DA:15,6
DA:21,6
DA:24,6
DA:25,12
DA:26,6
DA:27,6
DA:28,6
DA:30,6
DA:32,6
DA:34,12
DA:35,6
DA:36,18
DA:37,6
DA:40,6
DA:42,6
DA:52,6
DA:57,6
DA:58,12
DA:61,6
DA:62,6
DA:63,12
DA:65,6
DA:71,6
DA:73,6
DA:74,6
DA:77,6
DA:78,6
DA:79,6
LF:28
LH:28
end_of_record
SF:lib/home/views/section_i.dart
DA:16,6
DA:22,6
DA:24,6
DA:25,6
DA:27,6
DA:28,12
DA:29,6
DA:31,6
DA:32,2
DA:33,2
DA:34,4
DA:35,6
DA:36,6
DA:39,6
DA:40,6
DA:41,6
DA:43,6
DA:44,6
DA:46,6
DA:48,24
DA:50,6
DA:53,6
DA:54,12
DA:55,6
DA:56,6
DA:57,24
DA:58,24
DA:60,24
DA:65,6
DA:67,6
DA:68,6
DA:69,12
DA:71,6
DA:74,6
DA:75,24
LF:35
LH:35
end_of_record
SF:lib/home/views/section_ii.dart
DA:20,6
DA:27,6
DA:29,6
DA:31,12
DA:35,6
DA:36,6
DA:37,6
DA:39,6
DA:41,24
DA:43,6
DA:44,6
DA:46,6
DA:50,24
DA:59,6
DA:60,6
DA:63,6
DA:64,12
DA:65,24
DA:94,6
DA:96,6
DA:97,6
DA:98,6
DA:99,6
DA:100,6
DA:101,6
DA:103,6
DA:107,6
DA:111,6
DA:120,6
DA:127,6
DA:128,6
DA:130,6
DA:131,18
DA:132,24
DA:133,24
DA:134,24
DA:139,6
DA:140,6
DA:141,6
DA:143,6
DA:144,18
DA:145,24
DA:146,24
DA:147,24
DA:153,6
DA:155,6
DA:156,3
DA:157,6
DA:158,6
DA:161,6
DA:163,6
DA:164,6
DA:166,6
DA:168,18
DA:171,6
DA:173,6
DA:174,6
DA:175,6
DA:181,6
DA:183,6
DA:185,18
DA:193,6
DA:194,6
DA:197,6
DA:198,6
DA:199,6
DA:200,6
DA:206,6
DA:207,12
DA:208,6
DA:209,6
DA:210,6
DA:213,6
DA:219,6
DA:226,6
DA:232,6
DA:238,6
DA:244,6
DA:248,6
DA:249,6
DA:250,6
DA:251,6
DA:252,6
DA:253,6
DA:254,24
DA:258,1
DA:259,1
DA:261,6
DA:262,6
LF:89
LH:89
end_of_record
SF:lib/home/views/section_iii.dart
DA:12,6
DA:14,6
DA:18,6
DA:19,6
DA:24,6
DA:29,6
DA:34,6
DA:39,6
DA:44,6
DA:49,6
DA:54,6
DA:59,6
DA:64,6
DA:72,6
DA:73,6
DA:74,6
DA:78,6
DA:79,6
DA:82,6
DA:83,6
DA:85,6
DA:86,6
DA:87,12
DA:88,6
DA:89,6
DA:92,6
DA:95,6
DA:96,6
DA:97,6
DA:98,24
DA:100,6
DA:102,18
DA:110,6
DA:112,6
DA:113,6
DA:114,6
DA:115,6
DA:121,6
DA:122,12
DA:123,6
DA:124,6
DA:125,6
DA:128,6
DA:129,6
DA:130,6
DA:131,12
DA:132,12
DA:133,12
DA:135,6
DA:136,6
DA:137,12
DA:138,12
DA:139,12
DA:141,6
DA:142,6
DA:143,12
DA:144,12
DA:145,12
DA:147,6
DA:148,6
DA:149,12
DA:150,12
DA:151,12
DA:153,6
DA:154,6
DA:155,12
DA:156,12
DA:157,12
DA:159,6
DA:160,6
DA:161,12
DA:162,12
DA:163,12
DA:165,6
DA:166,6
DA:167,12
DA:168,12
DA:169,12
DA:171,6
DA:172,6
DA:173,12
DA:174,12
DA:175,12
DA:177,6
DA:178,6
DA:179,12
DA:180,12
DA:181,12
DA:183,6
DA:184,6
DA:185,12
DA:186,12
DA:187,12
DA:189,6
LF:94
LH:94
end_of_record
SF:lib/home/views/section_iv.dart
DA:22,6
DA:30,6
DA:31,12
DA:32,12
DA:35,6
DA:36,6
DA:37,6
DA:38,6
DA:44,6
DA:48,6
DA:49,6
DA:51,6
DA:55,6
DA:57,6
DA:58,6
DA:59,6
DA:60,6
DA:62,24
DA:64,6
DA:65,6
DA:66,6
DA:68,18
DA:73,6
DA:74,6
DA:77,6
DA:78,6
DA:79,6
DA:80,6
DA:81,24
DA:86,6
DA:87,6
DA:88,12
DA:89,18
DA:90,6
DA:91,6
DA:92,6
DA:93,6
DA:97,18
DA:101,6
DA:102,6
DA:104,6
DA:105,24
DA:108,6
DA:109,6
DA:110,6
DA:111,6
DA:112,6
DA:113,6
DA:114,6
DA:115,6
DA:116,6
DA:136,12
DA:137,2
DA:138,2
DA:139,2
DA:141,4
DA:142,6
DA:143,6
DA:146,6
DA:147,6
DA:149,6
DA:150,6
DA:151,6
DA:152,6
DA:153,6
DA:155,6
DA:157,12
DA:161,12
DA:163,12
DA:164,12
DA:165,6
DA:166,6
DA:172,12
DA:175,12
DA:182,6
DA:184,6
DA:185,1
DA:186,1
DA:187,1
DA:188,1
DA:189,1
DA:190,2
DA:191,1
DA:192,1
DA:193,2
DA:194,6
DA:197,12
DA:198,6
DA:199,6
DA:200,18
DA:201,6
DA:202,6
DA:203,12
DA:204,6
DA:206,6
LF:95
LH:95
end_of_record
SF:lib/utils/routes.dart
DA:22,3
DA:24,3
DA:28,3
DA:30,6
LF:4
LH:4
end_of_record
SF:lib/nuconta/views/nuconta_view.dart
DA:19,8
DA:21,2
DA:24,1
DA:26,1
DA:27,1
DA:28,2
DA:29,1
DA:30,1
DA:33,1
DA:34,1
DA:35,1
DA:36,1
DA:38,4
DA:40,1
DA:42,4
DA:47,1
DA:48,2
DA:49,1
DA:50,3
DA:53,1
DA:54,1
DA:55,1
DA:57,4
DA:60,1
DA:61,3
DA:62,1
DA:71,2
DA:72,1
DA:73,1
DA:74,1
DA:75,1
DA:77,1
DA:78,1
DA:81,2
DA:82,1
DA:85,1
DA:88,1
DA:93,1
DA:95,1
DA:96,1
DA:97,1
DA:98,1
DA:99,1
DA:100,1
DA:101,1
DA:103,1
DA:104,1
DA:105,1
DA:109,1
DA:110,1
DA:111,1
DA:112,1
LF:52
LH:52
end_of_record
SF:lib/rewards/views/rewards_view.dart
DA:20,8
DA:22,2
DA:25,1
DA:27,1
DA:28,1
DA:29,2
DA:30,1
DA:31,1
DA:34,1
DA:35,1
DA:36,1
DA:37,1
DA:39,4
DA:41,1
DA:43,4
DA:48,1
DA:49,2
DA:50,1
DA:51,3
DA:54,1
DA:55,1
DA:56,1
DA:58,4
DA:61,1
DA:62,3
DA:63,1
DA:72,2
DA:73,1
DA:74,1
DA:75,1
DA:76,1
DA:78,1
DA:79,1
DA:82,2
DA:83,1
DA:86,1
DA:89,1
DA:94,1
DA:96,1
DA:97,1
DA:98,1
DA:99,1
DA:100,1
DA:101,1
DA:102,1
DA:104,1
DA:105,1
DA:106,1
DA:110,1
DA:111,1
DA:112,1
DA:113,1
LF:52
LH:52
end_of_record
SF:lib/utils/transitions/scale.dart
DA:5,3
DA:6,3
DA:7,2
DA:13,2
DA:19,2
DA:20,2
DA:23,2
DA:24,2
LF:8
LH:8
end_of_record
SF:lib/utils/transitions/slide_top.dart
DA:5,3
DA:6,3
DA:7,1
DA:13,1
DA:19,1
DA:20,1
DA:23,1
LF:7
LH:7
end_of_record
SF:lib/main.dart
DA:14,0
DA:15,0
DA:19,0
DA:20,0
DA:25,1
DA:27,1
DA:28,1
DA:29,1
DA:30,2
DA:32,1
DA:33,2
DA:35,1
DA:36,2
DA:38,1
DA:39,2
DA:41,1
DA:42,2
DA:44,1
DA:45,2
DA:48,1
DA:49,2
DA:50,1
DA:52,1
DA:53,1
LF:24
LH:20
end_of_record
