SF:lib/home/presenter/home_presenter.dart
DA:10,6
DA:11,12
DA:14,3
LF:3
LH:3
end_of_record
SF:lib/themes/theme.dart
DA:13,7
DA:14,7
DA:15,7
DA:16,7
DA:17,7
DA:91,2
DA:93,2
DA:94,1
DA:95,2
DA:96,1
DA:97,2
DA:98,1
DA:100,2
LF:13
LH:13
end_of_record
SF:lib/construction/viewmodel/construction_viewmodel.dart
DA:8,7
LF:1
LH:1
end_of_record
SF:lib/construction/presenter/construction_presenter.dart
DA:24,6
DA:25,12
DA:28,9
DA:30,2
DA:31,6
DA:33,2
DA:36,2
DA:37,6
DA:39,2
DA:42,2
DA:44,4
DA:45,2
DA:46,2
DA:47,2
DA:48,4
DA:49,2
LF:16
LH:16
end_of_record
SF:lib/main.dart
DA:9,0
DA:14,1
DA:16,1
DA:17,1
DA:18,1
DA:19,2
DA:21,1
DA:23,1
DA:24,1
DA:25,1
DA:26,0
DA:27,1
DA:30,1
DA:32,2
DA:33,1
DA:34,1
LF:16
LH:14
end_of_record
SF:lib/home/views/home_view.dart
DA:19,10
DA:21,5
DA:23,5
DA:24,10
DA:25,10
DA:26,5
DA:27,15
DA:32,10
DA:34,15
DA:36,5
DA:40,5
DA:41,5
DA:43,5
DA:45,5
DA:48,5
DA:52,5
DA:59,5
DA:63,5
LF:18
LH:18
end_of_record
SF:lib/construction/views/construction_view.dart
DA:16,8
DA:20,1
DA:21,1
DA:22,1
DA:23,1
DA:25,3
DA:28,4
DA:29,2
DA:30,2
DA:31,2
DA:33,4
DA:36,2
DA:38,2
DA:39,2
DA:40,2
DA:42,2
DA:43,2
DA:44,2
DA:45,2
DA:47,4
DA:50,1
DA:51,1
DA:57,4
DA:58,2
DA:60,2
DA:61,2
DA:63,2
DA:67,4
DA:68,2
DA:71,2
DA:74,2
DA:75,2
DA:76,2
DA:78,2
DA:82,2
DA:83,2
DA:85,2
DA:89,2
DA:92,2
DA:94,2
DA:100,2
DA:106,2
DA:109,2
DA:112,2
DA:117,2
DA:118,4
DA:119,4
DA:120,2
DA:121,2
DA:131,4
DA:139,1
DA:140,1
DA:141,1
DA:143,2
DA:144,2
DA:147,2
DA:153,6
DA:154,6
DA:157,2
DA:158,2
DA:159,2
DA:162,2
DA:163,2
DA:164,2
DA:165,2
DA:166,2
DA:167,2
LF:67
LH:67
end_of_record
SF:lib/home/views/section_i.dart
DA:10,5
DA:17,0
DA:27,0
DA:30,5
DA:32,5
DA:34,5
DA:35,5
DA:36,5
DA:38,5
DA:39,5
DA:40,5
DA:41,5
DA:42,5
DA:44,5
DA:45,5
DA:47,5
DA:49,10
DA:51,5
DA:54,5
DA:55,5
DA:56,5
DA:57,5
DA:64,5
DA:66,5
DA:67,5
DA:68,5
DA:71,5
DA:72,10
DA:77,0
LF:29
LH:26
end_of_record
SF:lib/home/views/section_ii.dart
DA:12,5
DA:19,5
DA:21,5
DA:23,10
DA:27,5
DA:28,5
DA:29,5
DA:31,5
DA:34,5
DA:35,5
DA:37,5
DA:47,5
DA:49,5
DA:50,5
DA:51,5
DA:52,5
DA:53,5
DA:55,5
DA:59,5
DA:63,5
DA:72,5
DA:75,5
DA:76,5
DA:78,5
DA:79,5
DA:80,5
DA:82,5
DA:83,0
DA:86,5
DA:87,5
DA:89,5
DA:90,5
DA:92,5
DA:93,0
DA:97,5
DA:99,5
DA:100,5
DA:101,5
DA:102,5
DA:103,5
DA:109,5
DA:110,5
DA:113,5
DA:114,5
DA:120,5
DA:121,5
DA:127,5
DA:128,5
DA:134,5
DA:135,5
DA:141,5
DA:142,5
DA:148,5
DA:152,5
DA:153,5
DA:154,5
DA:156,10
DA:158,5
DA:159,5
LF:59
LH:57
end_of_record
SF:lib/home/views/section_iii.dart
DA:9,5
DA:11,5
DA:15,5
DA:16,5
DA:21,5
DA:26,5
DA:31,5
DA:36,5
DA:41,5
DA:46,5
DA:51,5
DA:56,5
DA:61,5
DA:69,5
DA:70,5
DA:71,5
DA:72,5
DA:74,5
DA:75,5
DA:76,5
DA:77,5
DA:78,5
DA:81,5
DA:84,5
DA:85,10
DA:86,5
DA:88,15
DA:93,3
DA:100,5
DA:102,5
DA:103,5
DA:104,5
DA:109,5
DA:110,5
DA:113,5
DA:114,5
DA:115,5
DA:116,10
DA:117,10
DA:118,10
DA:120,5
DA:121,5
DA:122,10
DA:123,10
DA:124,10
DA:126,5
DA:127,5
DA:128,10
DA:129,10
DA:130,10
DA:132,5
DA:133,5
DA:134,10
DA:135,10
DA:136,10
DA:138,5
DA:139,5
DA:140,10
DA:141,10
DA:142,10
DA:144,5
DA:145,5
DA:146,10
DA:147,10
DA:148,10
DA:150,5
DA:151,5
DA:152,10
DA:153,10
DA:154,10
DA:156,5
DA:157,5
DA:158,10
DA:159,10
DA:160,10
DA:162,5
DA:163,5
DA:164,10
DA:165,10
DA:166,10
DA:168,5
DA:169,5
DA:170,10
DA:171,10
DA:172,10
DA:174,5
LF:86
LH:86
end_of_record
SF:lib/home/views/section_iv.dart
DA:12,5
DA:18,5
DA:20,5
DA:22,5
DA:23,5
DA:24,5
DA:25,5
DA:26,5
DA:32,5
DA:33,5
DA:34,5
DA:35,5
DA:36,5
DA:37,5
DA:38,5
DA:39,1
DA:40,2
DA:42,5
DA:44,5
DA:47,5
DA:48,5
DA:49,0
DA:50,0
DA:52,5
DA:54,5
DA:57,5
DA:58,5
DA:59,1
DA:60,2
DA:62,5
LF:30
LH:28
end_of_record
SF:lib/utils/routes.dart
DA:14,3
DA:16,3
DA:20,3
DA:22,6
LF:4
LH:4
end_of_record
SF:lib/utils/transitions/scale.dart
DA:5,3
DA:6,3
DA:7,1
DA:13,1
DA:19,1
DA:20,1
DA:23,1
DA:24,1
LF:8
LH:8
end_of_record
SF:lib/utils/transitions/slide_top.dart
DA:5,3
DA:6,3
DA:7,0
DA:13,0
DA:19,0
DA:20,0
DA:23,0
LF:7
LH:2
end_of_record
